|SourceProjectName:PhenologyMMS 1.4 Help.hpr
|DestinationProjectName:index.htm
whhost.js
whmsg.js
whmozemu.js
whutils.js
whproxy.js
whstub.js
whver.js
whform.js
whphost.js
whstart.js
whtopic.js
whframes.js
whlang.js
XmlReadHelper.js
whskin_info.htm
whskin_blank.htm
whskin_pickup.htm
whskin_homepage.htm
whskin_tw.htm
whnjs.htm
whthost.js
whtdhtml.htm
whihost.js
whibody.htm
whiform.htm
whfhost.js
whfbody.htm
whfform.htm
whghost.js
whgbody.htm
whgdhtml.htm
whgdef.htm
whproj.js
whproj.htm
whdata\whtoc.js
whdata\whtoc.htm
whdata\whtdata.js
whdata\whidx.js
whdata\whidx.htm
whdata\whidata.js
whdata\whglo.js
whdata\whglo.htm
whdata\whgdata.js
whgdata\whnvp30.htm
whgdata\whnvp31.htm
whgdata\whnvp32.htm
whgdata\whnvp33.htm
whgdata\whnvt30.htm
whgdata\whnvt31.htm
whgdata\whnvt32.htm
whgdata\whnvt33.htm
whgdata\whnvf30.htm
whgdata\whnvf31.htm
whgdata\whnvf32.htm
whgdata\whnvf33.htm
whgdata\whnvl31.htm
whgdata\whnvl32.htm
whgdata\whnvl33.htm
whgdata\whexpbar.gif
cshdat_webhelp.htm
whcsh_home.htm
whcshdata.js
cshdat_robohelp.htm
wht_tab0.gif
wht_tab1.gif
wht_tab2.gif
wht_tab3.gif
wht_tab4.gif
wht_tab5.gif
wht_tab6.gif
wht_tab7.gif
wht_tab8.gif
wht_glo_h.gif
wht_glo_n.gif
wht_fts_h.gif
wht_fts_n.gif
wht_idx_h.gif
wht_idx_n.gif
wht_toc_h.gif
wht_toc_n.gif
wht_ws.gif
wht_ws_g.gif
wht_logo1.gif
wht_logo2.gif
wht_abgw.jpg
wht_abgi.jpg
wht_abge.jpg
wht_abtw.jpg
wht_abte.jpg
wht_abti.jpg
wht_spac.gif
wht_next.gif
wht_next_g.gif
wht_prev.gif
wht_prev_g.gif
wht_sync.gif
wht_hide.gif
wht_go.gif
whstart.ico
whestart.ico
whrstart.ico
whidhtml.htm
whfdhtml.htm
whskin_banner.htm
whtbar.js
print-selected.png
print-unselected.png
background.png
contents-selected.png
contents-unselected.png
index-selected.png
index-unselected.png
search-selected.png
search-unselected.png
glossary-selected.png
glossary-unselected.png
search-input-go.png
logo-placeholder.png
previous-disabled.png
previous-enabled.png
next-disabled.png
next-enabled.png
sync-toc.png
hide.png
remote-url.png
closed-book.png
opened-book.png
topic-page.png
whskin_pdhtml.htm
whskin_plist.htm
whskin_tbars.htm
whskin_mbars.htm
whskin_frmset010.htm
whst_topics.xml
whskin_frmset01.htm
index_hha.hhk
index.hhc
index.hhk
Begin_Setup.htm
Corn_Diagrams.htm
Corn_Growth_Stages.htm
Dry_Bean_Diagrams.htm
Dry_Bean_Growth_Stages.htm
Emergence.htm
GDD_Methods.htm
Growth_Stages\Corn_Diagrams.htm
Growth_Stages\Corn_Growth_Stages.htm
Growth_Stages\Hay_Millet_Diagrams.htm
Growth_Stages\Hay_Millet_Growth_Stages.htm
Growth_Stages\Proso_Millet_Diagrams.htm
Growth_Stages\Proso_Millet_Growth_Stages.htm
Growth_Stages\Sorghum_Diagrams.htm
Growth_Stages\Sorghum_Growth_Stages.htm
Growth_Stages\Soybean_Diagrams.htm
Growth_Stages\Soybean_Growth_Stages.htm
Growth_Stages\Spring_Barley_Diagrams.htm
Growth_Stages\Spring_Barley_Growth_Stages.htm
Growth_Stages\Spring_Wheat_Diagrams.htm
Growth_Stages\Spring_Wheat_Growth_Stages.htm
Growth_Stages\Sunflower_Diagrams.htm
Growth_Stages\Sunflower_Growth_Stages.htm
Growth_Stages\Winter_Barley_Diagrams.htm
Growth_Stages\Winter_Barley_Growth_Stages.htm
Growth_Stages\Winter_Wheat_Diagrams.htm
Growth_Stages\Winter_Wheat_Growth_Stages.htm
Growth_Stages_Example.htm
Hay_Millet_Diagrams.htm
Hay_Millet_Growth_Stages.htm
Install_PhenologyMMS_1.4.htm
Launch_-_PhenologyMMS_1.4.htm
Output\Output.htm
Output\Save_Current_Scenario.htm
Output.htm
Overview\Run_PhenologyMMS.htm
Overview_PhenologyMMS_1.4.htm
Proso_Millet_Diagrams.htm
Proso_Millet_Growth_Stages.htm
References_and_Documents.htm
Run_PhenologyMMS_1.4.htm
Save_Current_Output.htm
Save_Current_Scenario.htm
Set_Inputs.htm
Setup\Begin_Setup.htm
Setup\Emergence.htm
Setup\Set_Inputs.htm
Setup\Weather_Location_Files.htm
Sorghum_Diagrams.htm
Sorghum_Growth_Stages.htm
Soybean_Diagrams.htm
Soybean_Growth_Stages.htm
Spring_Barley_Diagrams.htm
Spring_Barley_Growth_Stages.htm
Spring_Wheat_Diagrams.htm
Spring_Wheat_Growth_Stages.htm
Sunflower_Diagrams.htm
Sunflower_Growth_Stages.htm
Temperatures\Temperatures.htm
Temperatures.htm
Weather_Location_Files.htm
Winter_Barley_Diagrams.htm
Winter_Barley_Growth_Stages.htm
Winter_Wheat_Diagrams.htm
Winter_Wheat_Growth_Stages.htm
References_and_Documents\McMaster_1997_Phenology_development_growth_of_wheat.pdf
References_and_Documents\McMaster_2009_wheat_development_chapter_2.pdf
References_and_Documents\McMaster_and_Wilhelm_1997_Two_GDD_equations_two_interpretations_with_corrections.pdf
index.glo
default.css
Hay_Millet_Growth_Stages.jpg
Save_Current_Scenario.jpg
Growth_Stages\pm_devseq_gdd_color_NEW.jpg
cn_phenology_gdd_color_NEW.jpg
Soybean_Growth_Stages.jpg
image002.gif
Save_Current_Run.jpg
hm_devseq_gdd_color_NEW.jpg
Sunflower_Growth_Stages.jpg
Begin_Setup_1.4_Wheat_.jpg
Up_One_Level_Icon.jpg
Sorghum_Growth_Stages.jpg
Spring_Barley_Growth_Stages.jpg
Growth_Stages\pm_phenology_gdd_color_NEW.jpg
List_Icon.jpg
Create_New_Folder_Icon.jpg
Output_Screen_4.jpg
Output_Screen_3.jpg
Output_Screen_2.jpg
Output_Screen_1.jpg
db_devseq_gdd_color_NEW.jpg
sg_devel_seq_gdd_color_NEW.jpg
sf_devseq_gdd_color_NEW.jpg
Temperatures.jpg
ww_devseq_gdd_color_NEW.jpg
wb_devseq_gdd_color_NEW.jpg
sw_devseq_gdd_color_NEW.jpg
sb_devseq_gdd_color_NEW.jpg
sy_devseq_gdd_color_NEW.jpg
Winter_Wheat_Growth_Stages.jpg
Dry_Bean_Growth_Stages.jpg
ww_phenology_gdd_color_NEW.jpg
wb_phenology_gdd_color_NEW.jpg
sf_phenology_gdd_color_NEW.jpg
sw_phenology_gdd_color_NEW.jpg
sb_phenology_gdd_color_NEW.jpg
sy_phenology_gdd_color_NEW.jpg
sg_phenology_gdd_color_NEW.jpg
Details_Icon.jpg
splashScreen_Revised.jpg
Winter_Barley_Growth_Stages.jpg
cn_devseq_gdd_color_NEW.jpg
Proso_Millet_Growth_Stages.jpg
pm_devseq_gdd_color_NEW.jpg
100_Day_Corn_Growth_Stages.jpg
Set_Inputs_1.4_Wheat.jpg
pm_phenology_gdd_color_NEW.jpg
Desktop_Icon.jpg
db_phenology_gdd_color_NEW.jpg
hm_phenology_gdd_color_NEW.jpg
Spring_Wheat_Growth_Stages.jpg
RoboHHRE.lng
ehlpdhtm.js
SearchOptions.xml
whxdata\package_0_xml.js
whxdata\package_1_xml.js
whxdata\package_2_xml.js
whxdata\package_3_xml.js
whxdata\package_4_xml.js
whxdata\package_5_xml.js
whxdata\package_6_xml.js
whxdata\package_7_xml.js
whxdata\package_8_xml.js
whxdata\package_9_xml.js
whxdata\package_10_xml.js
whxdata\package_11_xml.js
whxdata\package_12_xml.js
whxdata\package_13_xml.js
whxdata\package_14_xml.js
whxdata\package_15_xml.js
whxdata\package_16_xml.js
whxdata\package_17_xml.js
whxdata\package_18_xml.js
whxdata\package_19_xml.js
whxdata\package_20_xml.js
whxdata\package_21_xml.js
whxdata\package_22_xml.js
whxdata\package_23_xml.js
whxdata\package_24_xml.js
whxdata\package_25_xml.js
whxdata\package_26_xml.js
whxdata\package_27_xml.js
whxdata\package_28_xml.js
whxdata\package_29_xml.js
whxdata\package_30_xml.js
whxdata\package_31_xml.js
whxdata\package_32_xml.js
whxdata\package_33_xml.js
whxdata\package_34_xml.js
whxdata\package_35_xml.js
whxdata\package_36_xml.js
whxdata\package_37_xml.js
whxdata\package_38_xml.js
whxdata\package_39_xml.js
whxdata\package_40_xml.js
whxdata\package_41_xml.js
whxdata\package_42_xml.js
whxdata\package_43_xml.js
whxdata\package_44_xml.js
whxdata\package_45_xml.js
whxdata\package_46_xml.js
whxdata\package_47_xml.js
whxdata\package_48_xml.js
whxdata\packageindex_xml.js
whxdata\synonym.xml
whxdata\synonym_xml.js
whxdata\topictable_0_xml.js
whxdata\topictable_1_xml.js
whxdata\topictableindex_xml.js
whxdata\whfts.xml
whxdata\whfts_xml.js
whproj_xml.js
whxdata\whtoc_xml.js
whxdata\whidx_xml.js
whxdata\whglo_xml.js
resource\resource_xml.js
whbrs_xml.js
whres_xml.js
whcsh_xml.js
whxdata\whtdata0_xml.js
whxdata\whidata0_xml.js
whxdata\whidata1_xml.js
whxdata\whidata2_xml.js
whxdata\whidata3_xml.js
whxdata\whidata4_xml.js
whxdata\whidata5_xml.js
whxdata\whidata6_xml.js
whxdata\whgdata0_xml.js
whxdata\whgdata1_xml.js
whxdata\whgdata2_xml.js
whxdata\whgdata3_xml.js
whxdata\whgdata4_xml.js
whxdata\whgdata5_xml.js
whdata\whtdata0.htm
whdata\whidata0.htm
whdata\whidata1.htm
whdata\whidata2.htm
whdata\whidata3.htm
whdata\whidata4.htm
whdata\whidata5.htm
whdata\whidata6.htm
whdata\whgdata0.htm
whdata\whgdata1.htm
whdata\whgdata2.htm
whdata\whgdata3.htm
whdata\whgdata4.htm
whdata\whgdata5.htm
whgdata\whlstt0.htm
whgdata\whlstt1.htm
whgdata\whlstt2.htm
whgdata\whlstt3.htm
whgdata\whlstt4.htm
whgdata\whlstt5.htm
whgdata\whlstt6.htm
whgdata\whlstt7.htm
whgdata\whlstt8.htm
whgdata\whlstt9.htm
whgdata\whlstt10.htm
whgdata\whlstt11.htm
whgdata\whlstt12.htm
whgdata\whlstt13.htm
whgdata\whlstt14.htm
whgdata\whlstt15.htm
whgdata\whlstt16.htm
whgdata\whlstt17.htm
whgdata\whlstt18.htm
whgdata\whlsti0.htm
whgdata\whlsti1.htm
whgdata\whlsti2.htm
whgdata\whlstfl0.htm
whgdata\whlstfl1.htm
whgdata\whlstfl2.htm
whgdata\whlstfl3.htm
whgdata\whlstfl4.htm
whgdata\whlstfl5.htm
whgdata\whlstfl6.htm
whgdata\whlstfl7.htm
whgdata\whlstfl8.htm
whgdata\whlstfl9.htm
whgdata\whlstfl10.htm
whgdata\whlstfl11.htm
whgdata\whlstfl12.htm
whgdata\whlstfl13.htm
whgdata\whlstfl14.htm
whgdata\whlstfl15.htm
whgdata\whlstfl16.htm
whgdata\whlstfl17.htm
whgdata\whlstfl18.htm
whgdata\whlstfl19.htm
whgdata\whlstfl20.htm
whgdata\whlstfl21.htm
whgdata\whlstfl22.htm
whgdata\whlstfl23.htm
whgdata\whlstfl24.htm
whgdata\whlstfl25.htm
whgdata\whlstf0.htm
whgdata\whlstf1.htm
whgdata\whlstf2.htm
whgdata\whlstf3.htm
whgdata\whlstf4.htm
whgdata\whlstf5.htm
whgdata\whlstf6.htm
whgdata\whlstf7.htm
whgdata\whlstf8.htm
whgdata\whlstf9.htm
whgdata\whlstf10.htm
whgdata\whlstf11.htm
whgdata\whlstf12.htm
whgdata\whlstf13.htm
whgdata\whlstf14.htm
whgdata\whlstf15.htm
whgdata\whlstf16.htm
whgdata\whlstf17.htm
whgdata\whlstf18.htm
whgdata\whlstf19.htm
whgdata\whlstf20.htm
whgdata\whlstf21.htm
whgdata\whlstf22.htm
whgdata\whlstf23.htm
whgdata\whlstf24.htm
whgdata\whlstf25.htm
whgdata\whlstf26.htm
whgdata\whlstf27.htm
whgdata\whlstf28.htm
whgdata\whlstf29.htm
whgdata\whlstf30.htm
whgdata\whlstf31.htm
whgdata\whlstf32.htm
whgdata\whlstf33.htm
whgdata\whlstf34.htm
whgdata\whlstf35.htm
whgdata\whlstf36.htm
whgdata\whlstg0.htm
index.htm
index_csh.htm
index_rhc.htm
