|SourceProjectName:PhenologyMMS 1.4 Help.hpr
|DestinationProjectName:PhenologyMMS_1.3_Help.htm
whhost.js
whmsg.js
whmozemu.js
whutils.js
whproxy.js
whstub.js
whver.js
whform.js
whphost.js
whstart.js
whtopic.js
whframes.js
whlang.js
XmlReadHelper.js
whskin_info.htm
whskin_blank.htm
whskin_pickup.htm
whskin_homepage.htm
whskin_tw.htm
whnjs.htm
whthost.js
whtdhtml.htm
whihost.js
whibody.htm
whiform.htm
whfhost.js
whfbody.htm
whfform.htm
whghost.js
whgbody.htm
whgdhtml.htm
whgdef.htm
whproj.js
whproj.htm
whdata\whtoc.js
whdata\whtoc.htm
whdata\whtdata.js
whdata\whidx.js
whdata\whidx.htm
whdata\whidata.js
whdata\whglo.js
whdata\whglo.htm
whdata\whgdata.js
cshdat_webhelp.htm
whcsh_home.htm
whcshdata.js
cshdat_robohelp.htm
wht_tab0.gif
wht_tab1.gif
wht_tab2.gif
wht_tab3.gif
wht_tab4.gif
wht_tab5.gif
wht_tab6.gif
wht_tab7.gif
wht_tab8.gif
wht_glo_h.gif
wht_glo_n.gif
wht_fts_h.gif
wht_fts_n.gif
wht_idx_h.gif
wht_idx_n.gif
wht_toc_h.gif
wht_toc_n.gif
wht_ws.gif
wht_ws_g.gif
wht_logo1.gif
wht_logo2.gif
wht_abgw.jpg
wht_abgi.jpg
wht_abge.jpg
wht_abtw.jpg
wht_abte.jpg
wht_abti.jpg
wht_spac.gif
wht_next.gif
wht_next_g.gif
wht_prev.gif
wht_prev_g.gif
wht_sync.gif
wht_hide.gif
wht_go.gif
whstart.ico
whestart.ico
whrstart.ico
whidhtml.htm
whfdhtml.htm
whskin_banner.htm
whtbar.js
whskin_pdhtml.htm
whskin_plist.htm
whskin_tbars.htm
whskin_mbars.htm
wht_toc4.gif
wht_toc1.gif
wht_toc2.gif
wht_toc3.gif
whskin_frmset010.htm
whst_topics.xml
whskin_frmset01.htm
whskin_ep_ins.ski
whskin_ep_start.htm
PhenologyMMS_1.3_Help_hha.hhk
PhenologyMMS_1.3_Help.hhc
PhenologyMMS_1.3_Help.hhk
Begin_Setup.htm
Corn_Diagrams.htm
Corn_Growth_Stages.htm
Dry_Beans_Diagrams.htm
Dry_Beans_Growth_Stages.htm
Emergence.htm
GDD_Methods.htm
Growth_Stages\Corn_Diagrams.htm
Growth_Stages\Corn_Growth_Stages.htm
Growth_Stages\Growth_Stages_Example.htm
Growth_Stages\Hay_Millet_Diagrams.htm
Growth_Stages\Hay_Millet_Growth_Stages.htm
Growth_Stages\Proso_Millet_Diagrams.htm
Growth_Stages\Proso_Millet_Growth_Stages.htm
Growth_Stages\Sorghum_Diagrams.htm
Growth_Stages\Sorghum_Growth_Stages.htm
Growth_Stages\Soybean_Diagrams.htm
Growth_Stages\Soybean_Growth_Stages.htm
Growth_Stages\Spring_Barley_Diagrams.htm
Growth_Stages\Spring_Barley_Growth_Stages.htm
Growth_Stages\Spring_Wheat_Diagrams.htm
Growth_Stages\Spring_Wheat_Growth_Stages.htm
Growth_Stages\Sunflower_Diagrams.htm
Growth_Stages\Sunflower_Growth_Stages.htm
Growth_Stages\Winter_Barley_Diagrams.htm
Growth_Stages\Winter_Barley_Growth_Stages.htm
Growth_Stages\Winter_Wheat_Diagrams.htm
Growth_Stages\Winter_Wheat_Growth_Stages.htm
Growth_Stages_Example.htm
Hay_Millet_Diagrams.htm
Hay_Millet_Growth_Stages.htm
Install_PhenologyMMS_1.4.htm
Launch_-_PhenologyMMS_1.4.htm
Output\Output.htm
Output\Save_Current_Scenario.htm
Output.htm
Overview\Overview_PhenologyMMS_1.4.htm
Overview\Run_PhenologyMMS.htm
Overview_PhenologyMMS_1.4.htm
Proso_Millet_Diagrams.htm
Proso_Millet_Growth_Stages.htm
References_and_Documents\References_and_Documents.htm
References_and_Documents.htm
Run_PhenologyMMS_1.4.htm
Save_Current_Output.htm
Save_Current_Scenario.htm
Set_Inputs.htm
Setup\Begin_Setup.htm
Setup\Emergence.htm
Setup\Set_Inputs.htm
Setup\Weather_Location_Files.htm
Sorghum_Diagrams.htm
Sorghum_Growth_Stages.htm
Soybean_Diagrams.htm
Soybean_Growth_Stages.htm
Spring_Barley_Diagrams.htm
Spring_Barley_Growth_Stages.htm
Spring_Wheat_Diagrams.htm
Spring_Wheat_Growth_Stages.htm
Sunflower_Diagrams.htm
Sunflower_Growth_Stages.htm
Temperatures\GDD_Methods.htm
Temperatures\Temperatures.htm
Temperatures.htm
Weather_Location_Files.htm
Winter_Barley_Diagrams.htm
Winter_Barley_Growth_Stages.htm
Winter_Wheat_Diagrams.htm
Winter_Wheat_Growth_Stages.htm
References_and_Documents\McMaster_1997_Phenology_development_growth_of_wheat.pdf
References_and_Documents\McMaster_2009_wheat_development_chapter_2.pdf
References_and_Documents\McMaster_and_Wilhelm_1997_Two_GDD_equations_two_interpretations_with_corrections.pdf
PhenologyMMS_1.3_Help.glo
default.css
Hay_Millet_Growth_Stages.jpg
Save_Current_Scenario.jpg
cn_phenology_gdd_color_NEW.jpg
Soybean_Growth_Stages.jpg
image002.gif
Save_Current_Run.jpg
hm_devseq_gdd_color_NEW.jpg
Sunflower_Growth_Stages.jpg
Begin_Setup_1.4_Wheat_.jpg
Up_One_Level_Icon.jpg
Sorghum_Growth_Stages.jpg
Spring_Barley_Growth_Stages.jpg
List_Icon.jpg
Create_New_Folder_Icon.jpg
Output_Screen_4.jpg
Output_Screen_3.jpg
Output_Screen_2.jpg
Output_Screen_1.jpg
sg_devel_seq_gdd_color_NEW.jpg
db_devseq_gdd_color_NEW.jpg
sf_devseq_gdd_color_NEW.jpg
Temperatures.jpg
ww_devseq_gdd_color_NEW.jpg
wb_devseq_gdd_color_NEW.jpg
sw_devseq_gdd_color_NEW.jpg
sb_devseq_gdd_color_NEW.jpg
sy_devseq_gdd_color_NEW.jpg
Winter_Wheat_Growth_Stages.jpg
ww_phenology_gdd_color_NEW.jpg
wb_phenology_gdd_color_NEW.jpg
sf_phenology_gdd_color_NEW.jpg
sw_phenology_gdd_color_NEW.jpg
sb_phenology_gdd_color_NEW.jpg
sy_phenology_gdd_color_NEW.jpg
sg_phenology_gdd_color_NEW.jpg
Details_Icon.jpg
splashScreen_Revised.jpg
Winter_Barley_Growth_Stages.jpg
cn_devseq_gdd_color_NEW.jpg
Proso_Millet_Growth_Stages.jpg
pm_devseq_gdd_color_NEW.jpg
Dry_Beans_Growth_Stages.jpg
100_Day_Corn_Growth_Stages.jpg
Set_Inputs_1.4_Wheat.jpg
pm_phenology_gdd_color_NEW.jpg
Desktop_Icon.jpg
hm_phenology_gdd_color_NEW.jpg
db_phenology_gdd_color_NEW.jpg
Spring_Wheat_Growth_Stages.jpg
whxdata\package_0_xml.js
whxdata\package_1_xml.js
whxdata\package_2_xml.js
whxdata\packageindex_xml.js
whxdata\synonym.xml
whxdata\synonym_xml.js
whxdata\topictable_0_xml.js
whxdata\topictableindex_xml.js
whxdata\whfts.xml
whxdata\whfts_xml.js
whproj_xml.js
whxdata\whtoc_xml.js
whxdata\whidx_xml.js
whxdata\whglo_xml.js
resource\resource_xml.js
whbrs_xml.js
whres_xml.js
whcsh_xml.js
whxdata\whtdata0_xml.js
whxdata\whidata0_xml.js
whxdata\whgdata0_xml.js
whdata\whtdata0.htm
whdata\whidata0.htm
whdata\whgdata0.htm
PhenologyMMS_1.3_Help.htm
PhenologyMMS_1.3_Help_csh.htm
PhenologyMMS_1.3_Help_rhc.htm
